  debug.cpp
  image_png.cpp
  keyboard.cpp
  mouse.cpp
  NFont.cpp
  SDL_FontCache.cpp
  sound.cpp
C:\Users\WOM\Downloads\tetridd\Tetris_2\0. C++ Code\Graphic Lib\NFont\SDL_FontCache.cpp(138,23): warning C4267: 'inicializando': conversión de 'size_t' a 'unsigned int'; posible pérdida de datos
C:\Users\WOM\Downloads\tetridd\Tetris_2\0. C++ Code\Graphic Lib\NFont\SDL_FontCache.cpp(205,25): warning C4309: '=': truncamiento de valor constante
C:\Users\WOM\Downloads\tetridd\Tetris_2\0. C++ Code\Graphic Lib\NFont\SDL_FontCache.cpp(216,25): warning C4309: '=': truncamiento de valor constante
C:\Users\WOM\Downloads\tetridd\Tetris_2\0. C++ Code\Graphic Lib\NFont\SDL_FontCache.cpp(570,17): warning C4267: '=': conversión de 'size_t' a 'int'; posible pérdida de datos
C:\Users\WOM\Downloads\tetridd\Tetris_2\0. C++ Code\Graphic Lib\NFont\SDL_FontCache.cpp(571,21): warning C4267: '=': conversión de 'size_t' a 'int'; posible pérdida de datos
C:\Users\WOM\Downloads\tetridd\Tetris_2\0. C++ Code\Graphic Lib\NFont\SDL_FontCache.cpp(607,33): warning C4267: 'inicializando': conversión de 'size_t' a 'int'; posible pérdida de datos
C:\Users\WOM\Downloads\tetridd\Tetris_2\0. C++ Code\Graphic Lib\NFont\SDL_FontCache.cpp(2654,17): warning C4267: 'inicializando': conversión de 'size_t' a 'int'; posible pérdida de datos
  sprites.cpp
  stb_vorbis.cpp
  video.cpp
  Figura.cpp
  Joc.cpp
C:\Users\WOM\Downloads\tetridd\Tetris_2\0. C++ Code\Logic Game\Joc.cpp(53,19): warning C4244: 'argumento': conversión de 'int' a 'float'; posible pérdida de datos
C:\Users\WOM\Downloads\tetridd\Tetris_2\0. C++ Code\Logic Game\Joc.cpp(52,19): warning C4244: 'argumento': conversión de 'int' a 'float'; posible pérdida de datos
C:\Users\WOM\Downloads\tetridd\Tetris_2\0. C++ Code\Logic Game\Joc.cpp(266,19): warning C4244: 'argumento': conversión de 'int' a 'float'; posible pérdida de datos
C:\Users\WOM\Downloads\tetridd\Tetris_2\0. C++ Code\Logic Game\Joc.cpp(264,116): warning C4244: 'argumento': conversión de 'int' a 'float'; posible pérdida de datos
C:\Users\WOM\Downloads\tetridd\Tetris_2\0. C++ Code\Logic Game\Joc.cpp(330,24): warning C4244: 'argumento': conversión de 'int' a 'float'; posible pérdida de datos
C:\Users\WOM\Downloads\tetridd\Tetris_2\0. C++ Code\Logic Game\Joc.cpp(329,24): warning C4244: 'argumento': conversión de 'int' a 'float'; posible pérdida de datos
  ListaJoc.cpp
  LlistaFigura.cpp
  LlistaMoviment.cpp
  Partida.cpp
C:\Users\WOM\Downloads\tetridd\Tetris_2\0. C++ Code\Logic Game\Partida.cpp(48,41): warning C4305: '*=': truncamiento de 'double' a 'float'
C:\Users\WOM\Downloads\tetridd\Tetris_2\0. C++ Code\Logic Game\Partida.cpp(60,58): warning C4244: 'argumento': conversión de 'double' a 'float'; posible pérdida de datos
C:\Users\WOM\Downloads\tetridd\Tetris_2\0. C++ Code\Logic Game\Partida.cpp(136,93): warning C4305: 'argumento': truncamiento de 'double' a 'float'
C:\Users\WOM\Downloads\tetridd\Tetris_2\0. C++ Code\Logic Game\Partida.cpp(276,93): warning C4305: 'argumento': truncamiento de 'double' a 'float'
  GraphicManager.cpp
C:\Users\WOM\Downloads\tetridd\Tetris_2\0. C++ Code\Logic Game\GraphicManager.cpp(36,37): warning C4244: 'argumento': conversión de 'float' a 'int'; posible pérdida de datos
C:\Users\WOM\Downloads\tetridd\Tetris_2\0. C++ Code\Logic Game\GraphicManager.cpp(36,31): warning C4244: 'argumento': conversión de 'float' a 'int'; posible pérdida de datos
  main.cpp
C:\Users\WOM\Downloads\tetridd\Tetris_2\0. C++ Code\Logic Game\main.cpp(118,15): warning C4244: 'argumento': conversión de 'time_t' a 'unsigned int'; posible pérdida de datos
  Tauler.cpp
  Tetris.cpp
  Generando código...
C:\Users\WOM\Downloads\tetridd\Tetris_2\0. C++ Code\Logic Game\Partida.cpp(278,1): warning C4715: 'Partida::actualitzaTest': no todas las rutas de acceso de control devuelven un valor
LINK : fatal error LNK1104: no se puede abrir el archivo 'sfml-audio.lib'
